2017/02/26 22:43:07 [error] [exception.CHttpException.404] exception 'CHttpException' with message 'Unable to resolve the request "gii".' in /var/www/html/yii1/framework/web/CWebApplication.php:286
Stack trace:
#0 /var/www/html/yii1/framework/web/CWebApplication.php(141): CWebApplication->runController('gii')
#1 /var/www/html/yii1/framework/base/CApplication.php(185): CWebApplication->processRequest()
#2 /var/www/html/cms/index.php(13): CApplication->run()
#3 {main}
REQUEST_URI=/cms/index.php?r=gii
---
2017/02/26 22:45:02 [error] [exception.CDbException] exception 'CDbException' with message 'CDbConnection failed to open the DB connection: could not find driver' in /var/www/html/yii1/framework/db/CDbConnection.php:399
Stack trace:
#0 /var/www/html/yii1/framework/db/CDbConnection.php(347): CDbConnection->open()
#1 /var/www/html/yii1/framework/db/CDbConnection.php(325): CDbConnection->setActive(true)
#2 /var/www/html/yii1/framework/base/CModule.php(394): CDbConnection->init()
#3 /var/www/html/yii1/framework/base/CModule.php(103): CModule->getComponent('db')
#4 /var/www/html/yii1/framework/gii/generators/model/ModelCode.php(60): CModule->__get('db')
#5 /var/www/html/yii1/framework/web/CFormModel.php(39): ModelCode->init()
#6 /var/www/html/yii1/framework/gii/CCodeGenerator.php(153): CFormModel->__construct()
#7 /var/www/html/yii1/framework/gii/CCodeGenerator.php(63): CCodeGenerator->prepare()
#8 /var/www/html/yii1/framework/web/actions/CInlineAction.php(49): CCodeGenerator->actionIndex()
#9 /var/www/html/yii1/framework/web/CController.php(308): CInlineAction->runWithParams(Array)
#10 /var/www/html/yii1/framework/web/CController.php(286): CController->runAction(Object(CInlineAction))
#11 /var/www/html/yii1/framework/web/CController.php(265): CController->runActionWithFilters(Object(CInlineAction), Array)
#12 /var/www/html/yii1/framework/web/CWebApplication.php(282): CController->run('index')
#13 /var/www/html/yii1/framework/web/CWebApplication.php(141): CWebApplication->runController('gii/model/index')
#14 /var/www/html/yii1/framework/base/CApplication.php(185): CWebApplication->processRequest()
#15 /var/www/html/cms/index.php(13): CApplication->run()
#16 {main}
REQUEST_URI=/cms/index.php?r=gii/model/index
HTTP_REFERER=http://localhost/cms/index.php?r=gii/default/index
---
2017/02/26 23:06:01 [error] [exception.CHttpException.403] exception 'CHttpException' with message 'You are not authorized to perform this action.' in /var/www/html/yii1/framework/web/auth/CAccessControlFilter.php:182
Stack trace:
#0 /var/www/html/yii1/framework/web/auth/CAccessControlFilter.php(145): CAccessControlFilter->accessDenied(Object(CWebUser), 'You are not aut...')
#1 /var/www/html/yii1/framework/web/filters/CFilter.php(38): CAccessControlFilter->preFilter(Object(CFilterChain))
#2 /var/www/html/yii1/framework/web/CController.php(1145): CFilter->filter(Object(CFilterChain))
#3 /var/www/html/yii1/framework/web/filters/CInlineFilter.php(58): CController->filterAccessControl(Object(CFilterChain))
#4 /var/www/html/yii1/framework/web/filters/CFilterChain.php(130): CInlineFilter->filter(Object(CFilterChain))
#5 /var/www/html/yii1/framework/web/CController.php(291): CFilterChain->run()
#6 /var/www/html/yii1/framework/web/CController.php(265): CController->runActionWithFilters(Object(CInlineAction), Array)
#7 /var/www/html/yii1/framework/web/CWebApplication.php(282): CController->run('admin')
#8 /var/www/html/yii1/framework/web/CWebApplication.php(141): CWebApplication->runController('main/admin')
#9 /var/www/html/yii1/framework/base/CApplication.php(185): CWebApplication->processRequest()
#10 /var/www/html/cms/index.php(13): CApplication->run()
#11 {main}
REQUEST_URI=/cms/index.php?r=main/admin
HTTP_REFERER=http://localhost/cms/index.php?r=main/index
---
2017/02/26 23:07:49 [error] [system.db.CDbCommand] CDbCommand::execute() failed: SQLSTATE[23000]: Integrity constraint violation: 1062 Duplicate entry 'colombia' for key 'nombre'. The SQL statement executed was: INSERT INTO `country` (`nombre`) VALUES (:yp0).
in /var/www/html/cms/protected/controllers/CountryController.php (73)
in /var/www/html/cms/index.php (13)
2017/02/26 23:07:49 [error] [exception.CDbException] exception 'CDbException' with message 'CDbCommand failed to execute the SQL statement: SQLSTATE[23000]: Integrity constraint violation: 1062 Duplicate entry 'colombia' for key 'nombre'. The SQL statement executed was: INSERT INTO `country` (`nombre`) VALUES (:yp0)' in /var/www/html/yii1/framework/db/CDbCommand.php:358
Stack trace:
#0 /var/www/html/yii1/framework/db/ar/CActiveRecord.php(1080): CDbCommand->execute()
#1 /var/www/html/yii1/framework/db/ar/CActiveRecord.php(809): CActiveRecord->insert(NULL)
#2 /var/www/html/cms/protected/controllers/CountryController.php(73): CActiveRecord->save()
#3 /var/www/html/yii1/framework/web/actions/CInlineAction.php(49): CountryController->actionCreate()
#4 /var/www/html/yii1/framework/web/CController.php(308): CInlineAction->runWithParams(Array)
#5 /var/www/html/yii1/framework/web/filters/CFilterChain.php(133): CController->runAction(Object(CInlineAction))
#6 /var/www/html/yii1/framework/web/filters/CFilter.php(40): CFilterChain->run()
#7 /var/www/html/yii1/framework/web/CController.php(1145): CFilter->filter(Object(CFilterChain))
#8 /var/www/html/yii1/framework/web/filters/CInlineFilter.php(58): CController->filterAccessControl(Object(CFilterChain))
#9 /var/www/html/yii1/framework/web/filters/CFilterChain.php(130): CInlineFilter->filter(Object(CFilterChain))
#10 /var/www/html/yii1/framework/web/CController.php(291): CFilterChain->run()
#11 /var/www/html/yii1/framework/web/CController.php(265): CController->runActionWithFilters(Object(CInlineAction), Array)
#12 /var/www/html/yii1/framework/web/CWebApplication.php(282): CController->run('create')
#13 /var/www/html/yii1/framework/web/CWebApplication.php(141): CWebApplication->runController('country/create')
#14 /var/www/html/yii1/framework/base/CApplication.php(185): CWebApplication->processRequest()
#15 /var/www/html/cms/index.php(13): CApplication->run()
#16 {main}
REQUEST_URI=/cms/index.php?r=country/create
HTTP_REFERER=http://localhost/cms/index.php?r=country/create
---
2017/02/27 00:31:44 [error] [system.db.CDbCommand] CDbCommand::execute() failed: SQLSTATE[HY000]: General error: 1005 Can't create table 'cms.content_main6' (errno: 150). The SQL statement executed was: CREATE TABLE IF NOT EXISTS content_main6 (id int(11) NOT NULL AUTO_INCREMENT,title TEXT, body TEXT, id_category int(11) NOT NULL,PRIMARY KEY (id),KEY id_category (id_category), foreign key (id_category) references category (id_category)).
in /var/www/html/cms/protected/controllers/MainController.php (78)
in /var/www/html/cms/index.php (13)
2017/02/27 00:31:44 [error] [exception.CDbException] exception 'CDbException' with message 'CDbCommand failed to execute the SQL statement: SQLSTATE[HY000]: General error: 1005 Can't create table 'cms.content_main6' (errno: 150). The SQL statement executed was: CREATE TABLE IF NOT EXISTS content_main6 (id int(11) NOT NULL AUTO_INCREMENT,title TEXT, body TEXT, id_category int(11) NOT NULL,PRIMARY KEY (id),KEY id_category (id_category), foreign key (id_category) references category (id_category))' in /var/www/html/yii1/framework/db/CDbCommand.php:358
Stack trace:
#0 /var/www/html/cms/protected/controllers/MainController.php(78): CDbCommand->execute()
#1 /var/www/html/yii1/framework/web/actions/CInlineAction.php(49): MainController->actionCreate()
#2 /var/www/html/yii1/framework/web/CController.php(308): CInlineAction->runWithParams(Array)
#3 /var/www/html/yii1/framework/web/filters/CFilterChain.php(133): CController->runAction(Object(CInlineAction))
#4 /var/www/html/yii1/framework/web/filters/CFilter.php(40): CFilterChain->run()
#5 /var/www/html/yii1/framework/web/CController.php(1145): CFilter->filter(Object(CFilterChain))
#6 /var/www/html/yii1/framework/web/filters/CInlineFilter.php(58): CController->filterAccessControl(Object(CFilterChain))
#7 /var/www/html/yii1/framework/web/filters/CFilterChain.php(130): CInlineFilter->filter(Object(CFilterChain))
#8 /var/www/html/yii1/framework/web/CController.php(291): CFilterChain->run()
#9 /var/www/html/yii1/framework/web/CController.php(265): CController->runActionWithFilters(Object(CInlineAction), Array)
#10 /var/www/html/yii1/framework/web/CWebApplication.php(282): CController->run('create')
#11 /var/www/html/yii1/framework/web/CWebApplication.php(141): CWebApplication->runController('main/create')
#12 /var/www/html/yii1/framework/base/CApplication.php(185): CWebApplication->processRequest()
#13 /var/www/html/cms/index.php(13): CApplication->run()
#14 {main}
REQUEST_URI=/cms/index.php?r=main/create
HTTP_REFERER=http://localhost/cms/index.php?r=main/create
---
2017/02/27 00:52:32 [error] [php] fopen(/cmsprotected/models/app.php): failed to open stream: No such file or directory (/var/www/html/cms/protected/controllers/MainController.php:84)
Stack trace:
#0 /var/www/html/yii1/framework/web/CController.php(308): CInlineAction->runWithParams()
#1 /var/www/html/yii1/framework/web/filters/CFilterChain.php(133): MainController->runAction()
#2 /var/www/html/yii1/framework/web/filters/CFilter.php(40): CFilterChain->run()
#3 /var/www/html/yii1/framework/web/CController.php(1145): CAccessControlFilter->filter()
#4 /var/www/html/yii1/framework/web/filters/CInlineFilter.php(58): MainController->filterAccessControl()
#5 /var/www/html/yii1/framework/web/filters/CFilterChain.php(130): CInlineFilter->filter()
#6 /var/www/html/yii1/framework/web/CController.php(291): CFilterChain->run()
#7 /var/www/html/yii1/framework/web/CController.php(265): MainController->runActionWithFilters()
#8 /var/www/html/yii1/framework/web/CWebApplication.php(282): MainController->run()
#9 /var/www/html/yii1/framework/web/CWebApplication.php(141): CWebApplication->runController()
#10 /var/www/html/yii1/framework/base/CApplication.php(185): CWebApplication->processRequest()
#11 /var/www/html/cms/index.php(13): CWebApplication->run()
REQUEST_URI=/cms/index.php?r=main/create
in /var/www/html/cms/protected/controllers/MainController.php (84)
in /var/www/html/cms/index.php (13)
2017/02/27 00:53:05 [error] [php] fopen(/cms/protected/models/app.php): failed to open stream: No such file or directory (/var/www/html/cms/protected/controllers/MainController.php:84)
Stack trace:
#0 /var/www/html/yii1/framework/web/CController.php(308): CInlineAction->runWithParams()
#1 /var/www/html/yii1/framework/web/filters/CFilterChain.php(133): MainController->runAction()
#2 /var/www/html/yii1/framework/web/filters/CFilter.php(40): CFilterChain->run()
#3 /var/www/html/yii1/framework/web/CController.php(1145): CAccessControlFilter->filter()
#4 /var/www/html/yii1/framework/web/filters/CInlineFilter.php(58): MainController->filterAccessControl()
#5 /var/www/html/yii1/framework/web/filters/CFilterChain.php(130): CInlineFilter->filter()
#6 /var/www/html/yii1/framework/web/CController.php(291): CFilterChain->run()
#7 /var/www/html/yii1/framework/web/CController.php(265): MainController->runActionWithFilters()
#8 /var/www/html/yii1/framework/web/CWebApplication.php(282): MainController->run()
#9 /var/www/html/yii1/framework/web/CWebApplication.php(141): CWebApplication->runController()
#10 /var/www/html/yii1/framework/base/CApplication.php(185): CWebApplication->processRequest()
#11 /var/www/html/cms/index.php(13): CWebApplication->run()
REQUEST_URI=/cms/index.php?r=main/create
in /var/www/html/cms/protected/controllers/MainController.php (84)
in /var/www/html/cms/index.php (13)
2017/02/27 12:43:04 [error] [php] fopen(/cms/protected/models/app.php): failed to open stream: No such file or directory (/var/www/html/cms/protected/controllers/MainController.php:74)
Stack trace:
#0 /var/www/html/yii1/framework/web/CController.php(308): CInlineAction->runWithParams()
#1 /var/www/html/yii1/framework/web/filters/CFilterChain.php(133): MainController->runAction()
#2 /var/www/html/yii1/framework/web/filters/CFilter.php(40): CFilterChain->run()
#3 /var/www/html/yii1/framework/web/CController.php(1145): CAccessControlFilter->filter()
#4 /var/www/html/yii1/framework/web/filters/CInlineFilter.php(58): MainController->filterAccessControl()
#5 /var/www/html/yii1/framework/web/filters/CFilterChain.php(130): CInlineFilter->filter()
#6 /var/www/html/yii1/framework/web/CController.php(291): CFilterChain->run()
#7 /var/www/html/yii1/framework/web/CController.php(265): MainController->runActionWithFilters()
#8 /var/www/html/yii1/framework/web/CWebApplication.php(282): MainController->run()
#9 /var/www/html/yii1/framework/web/CWebApplication.php(141): CWebApplication->runController()
#10 /var/www/html/yii1/framework/base/CApplication.php(185): CWebApplication->processRequest()
#11 /var/www/html/cms/index.php(13): CWebApplication->run()
REQUEST_URI=/cms/index.php?r=main/create
in /var/www/html/cms/protected/controllers/MainController.php (74)
in /var/www/html/cms/index.php (13)
2017/02/27 12:48:45 [error] [php] fopen(/cms/protected/models/app.php): failed to open stream: No such file or directory (/var/www/html/cms/protected/controllers/MainController.php:75)
Stack trace:
#0 /var/www/html/yii1/framework/web/CController.php(308): CInlineAction->runWithParams()
#1 /var/www/html/yii1/framework/web/filters/CFilterChain.php(133): MainController->runAction()
#2 /var/www/html/yii1/framework/web/filters/CFilter.php(40): CFilterChain->run()
#3 /var/www/html/yii1/framework/web/CController.php(1145): CAccessControlFilter->filter()
#4 /var/www/html/yii1/framework/web/filters/CInlineFilter.php(58): MainController->filterAccessControl()
#5 /var/www/html/yii1/framework/web/filters/CFilterChain.php(130): CInlineFilter->filter()
#6 /var/www/html/yii1/framework/web/CController.php(291): CFilterChain->run()
#7 /var/www/html/yii1/framework/web/CController.php(265): MainController->runActionWithFilters()
#8 /var/www/html/yii1/framework/web/CWebApplication.php(282): MainController->run()
#9 /var/www/html/yii1/framework/web/CWebApplication.php(141): CWebApplication->runController()
#10 /var/www/html/yii1/framework/base/CApplication.php(185): CWebApplication->processRequest()
#11 /var/www/html/cms/index.php(13): CWebApplication->run()
REQUEST_URI=/cms/index.php?r=main/create
in /var/www/html/cms/protected/controllers/MainController.php (75)
in /var/www/html/cms/index.php (13)
2017/02/27 12:49:07 [error] [php] fopen(/var/www/html/cms/protected/controllers/../protected/models/app.php): failed to open stream: No such file or directory (/var/www/html/cms/protected/controllers/MainController.php:75)
Stack trace:
#0 /var/www/html/yii1/framework/web/CController.php(308): CInlineAction->runWithParams()
#1 /var/www/html/yii1/framework/web/filters/CFilterChain.php(133): MainController->runAction()
#2 /var/www/html/yii1/framework/web/filters/CFilter.php(40): CFilterChain->run()
#3 /var/www/html/yii1/framework/web/CController.php(1145): CAccessControlFilter->filter()
#4 /var/www/html/yii1/framework/web/filters/CInlineFilter.php(58): MainController->filterAccessControl()
#5 /var/www/html/yii1/framework/web/filters/CFilterChain.php(130): CInlineFilter->filter()
#6 /var/www/html/yii1/framework/web/CController.php(291): CFilterChain->run()
#7 /var/www/html/yii1/framework/web/CController.php(265): MainController->runActionWithFilters()
#8 /var/www/html/yii1/framework/web/CWebApplication.php(282): MainController->run()
#9 /var/www/html/yii1/framework/web/CWebApplication.php(141): CWebApplication->runController()
#10 /var/www/html/yii1/framework/base/CApplication.php(185): CWebApplication->processRequest()
#11 /var/www/html/cms/index.php(13): CWebApplication->run()
REQUEST_URI=/cms/index.php?r=main/create
in /var/www/html/cms/protected/controllers/MainController.php (75)
in /var/www/html/cms/index.php (13)
2017/02/27 12:49:53 [error] [php] fopen(/var/www/html/cms/protected/controllers/protected/models/app.php): failed to open stream: No such file or directory (/var/www/html/cms/protected/controllers/MainController.php:75)
Stack trace:
#0 /var/www/html/yii1/framework/web/CController.php(308): CInlineAction->runWithParams()
#1 /var/www/html/yii1/framework/web/filters/CFilterChain.php(133): MainController->runAction()
#2 /var/www/html/yii1/framework/web/filters/CFilter.php(40): CFilterChain->run()
#3 /var/www/html/yii1/framework/web/CController.php(1145): CAccessControlFilter->filter()
#4 /var/www/html/yii1/framework/web/filters/CInlineFilter.php(58): MainController->filterAccessControl()
#5 /var/www/html/yii1/framework/web/filters/CFilterChain.php(130): CInlineFilter->filter()
#6 /var/www/html/yii1/framework/web/CController.php(291): CFilterChain->run()
#7 /var/www/html/yii1/framework/web/CController.php(265): MainController->runActionWithFilters()
#8 /var/www/html/yii1/framework/web/CWebApplication.php(282): MainController->run()
#9 /var/www/html/yii1/framework/web/CWebApplication.php(141): CWebApplication->runController()
#10 /var/www/html/yii1/framework/base/CApplication.php(185): CWebApplication->processRequest()
#11 /var/www/html/cms/index.php(13): CWebApplication->run()
REQUEST_URI=/cms/index.php?r=main/create
in /var/www/html/cms/protected/controllers/MainController.php (75)
in /var/www/html/cms/index.php (13)
2017/02/27 12:52:17 [error] [php] Undefined variable: className (/var/www/html/cms/protected/controllers/MainController.php:86)
Stack trace:
#0 /var/www/html/yii1/framework/web/filters/CFilterChain.php(133): MainController->runAction()
#1 /var/www/html/yii1/framework/web/filters/CFilter.php(40): CFilterChain->run()
#2 /var/www/html/yii1/framework/web/CController.php(1145): CAccessControlFilter->filter()
#3 /var/www/html/yii1/framework/web/filters/CInlineFilter.php(58): MainController->filterAccessControl()
#4 /var/www/html/yii1/framework/web/filters/CFilterChain.php(130): CInlineFilter->filter()
#5 /var/www/html/yii1/framework/web/CController.php(291): CFilterChain->run()
#6 /var/www/html/yii1/framework/web/CController.php(265): MainController->runActionWithFilters()
#7 /var/www/html/yii1/framework/web/CWebApplication.php(282): MainController->run()
#8 /var/www/html/yii1/framework/web/CWebApplication.php(141): CWebApplication->runController()
#9 /var/www/html/yii1/framework/base/CApplication.php(185): CWebApplication->processRequest()
#10 /var/www/html/cms/index.php(13): CWebApplication->run()
REQUEST_URI=/cms/index.php?r=main/create
in /var/www/html/cms/protected/controllers/MainController.php (86)
in /var/www/html/cms/index.php (13)
2017/02/27 13:29:24 [error] [system.db.CDbCommand] CDbCommand::fetchAll() failed: SQLSTATE[42S02]: Base table or view not found: 1146 Table 'cms.content_main' doesn't exist. The SQL statement executed was: SHOW FULL COLUMNS FROM `content_main`.
in /var/www/html/cms/index.php (13)
2017/02/27 13:29:24 [error] [exception.CDbException] exception 'CDbException' with message 'The table "content_main" for active record class "ContentMain" cannot be found in the database.' in /var/www/html/yii1/framework/db/ar/CActiveRecord.php:2387
Stack trace:
#0 /var/www/html/yii1/framework/db/ar/CActiveRecord.php(411): CActiveRecordMetaData->__construct(Object(ContentMain))
#1 /var/www/html/yii1/framework/db/ar/CActiveRecord.php(138): CActiveRecord->getMetaData()
#2 /var/www/html/yii1/framework/gii/generators/crud/CrudCode.php(66): CActiveRecord->__get('tableSchema')
#3 /var/www/html/yii1/framework/validators/CInlineValidator.php(42): CrudCode->validateModel('model', Array)
#4 /var/www/html/yii1/framework/validators/CValidator.php(201): CInlineValidator->validateAttribute(Object(CrudCode), 'model')
#5 /var/www/html/yii1/framework/base/CModel.php(159): CValidator->validate(Object(CrudCode), NULL)
#6 /var/www/html/yii1/framework/gii/CCodeGenerator.php(159): CModel->validate()
#7 /var/www/html/yii1/framework/gii/CCodeGenerator.php(63): CCodeGenerator->prepare()
#8 /var/www/html/yii1/framework/web/actions/CInlineAction.php(49): CCodeGenerator->actionIndex()
#9 /var/www/html/yii1/framework/web/CController.php(308): CInlineAction->runWithParams(Array)
#10 /var/www/html/yii1/framework/web/CController.php(286): CController->runAction(Object(CInlineAction))
#11 /var/www/html/yii1/framework/web/CController.php(265): CController->runActionWithFilters(Object(CInlineAction), Array)
#12 /var/www/html/yii1/framework/web/CWebApplication.php(282): CController->run('index')
#13 /var/www/html/yii1/framework/web/CWebApplication.php(141): CWebApplication->runController('gii/crud/index')
#14 /var/www/html/yii1/framework/base/CApplication.php(185): CWebApplication->processRequest()
#15 /var/www/html/cms/index.php(13): CApplication->run()
#16 {main}
REQUEST_URI=/cms/index.php?r=gii/crud/index
HTTP_REFERER=http://localhost/cms/index.php?r=gii/crud/index
---
2017/02/27 13:36:51 [error] [exception.CException] exception 'CException' with message 'ContentMain and its behaviors do not have a method or closure named "search".' in /var/www/html/yii1/framework/base/CComponent.php:266
Stack trace:
#0 /var/www/html/yii1/framework/db/ar/CActiveRecord.php(227): CComponent->__call('search', Array)
#1 /var/www/html/cms/protected/views/contentMain/admin.php(45): CActiveRecord->__call('search', Array)
#2 /var/www/html/cms/protected/views/contentMain/admin.php(45): ContentMain->search()
#3 /var/www/html/yii1/framework/web/CBaseController.php(126): require('/var/www/html/c...')
#4 /var/www/html/yii1/framework/web/CBaseController.php(95): CBaseController->renderInternal('/var/www/html/c...', Array, true)
#5 /var/www/html/yii1/framework/web/CController.php(869): CBaseController->renderFile('/var/www/html/c...', Array, true)
#6 /var/www/html/yii1/framework/web/CController.php(782): CController->renderPartial('admin', Array, true)
#7 /var/www/html/cms/protected/controllers/ContentMainController.php(143): CController->render('admin', Array)
#8 /var/www/html/yii1/framework/web/actions/CInlineAction.php(49): ContentMainController->actionAdmin()
#9 /var/www/html/yii1/framework/web/CController.php(308): CInlineAction->runWithParams(Array)
#10 /var/www/html/yii1/framework/web/filters/CFilterChain.php(133): CController->runAction(Object(CInlineAction))
#11 /var/www/html/yii1/framework/web/filters/CFilter.php(40): CFilterChain->run()
#12 /var/www/html/yii1/framework/web/CController.php(1145): CFilter->filter(Object(CFilterChain))
#13 /var/www/html/yii1/framework/web/filters/CInlineFilter.php(58): CController->filterAccessControl(Object(CFilterChain))
#14 /var/www/html/yii1/framework/web/filters/CFilterChain.php(130): CInlineFilter->filter(Object(CFilterChain))
#15 /var/www/html/yii1/framework/web/CController.php(291): CFilterChain->run()
#16 /var/www/html/yii1/framework/web/CController.php(265): CController->runActionWithFilters(Object(CInlineAction), Array)
#17 /var/www/html/yii1/framework/web/CWebApplication.php(282): CController->run('admin')
#18 /var/www/html/yii1/framework/web/CWebApplication.php(141): CWebApplication->runController('contentMain/adm...')
#19 /var/www/html/yii1/framework/base/CApplication.php(185): CWebApplication->processRequest()
#20 /var/www/html/cms/index.php(13): CApplication->run()
#21 {main}
REQUEST_URI=/cms/index.php?r=contentMain/admin
HTTP_REFERER=http://localhost/cms/index.php?r=contentMain/index
---
2017/02/27 13:44:11 [error] [php] include(ContentMain.php): failed to open stream: No such file or directory (/var/www/html/yii1/framework/YiiBase.php:432)
Stack trace:
#0 /var/www/html/cms/protected/controllers/ContentMainController.php(65): spl_autoload_call()
#1 /var/www/html/yii1/framework/web/actions/CInlineAction.php(49): ContentMainController->actionCreate()
#2 /var/www/html/yii1/framework/web/CController.php(308): CInlineAction->runWithParams()
#3 /var/www/html/yii1/framework/web/filters/CFilterChain.php(133): ContentMainController->runAction()
#4 /var/www/html/yii1/framework/web/filters/CFilter.php(40): CFilterChain->run()
#5 /var/www/html/yii1/framework/web/CController.php(1145): CAccessControlFilter->filter()
#6 /var/www/html/yii1/framework/web/filters/CInlineFilter.php(58): ContentMainController->filterAccessControl()
#7 /var/www/html/yii1/framework/web/filters/CFilterChain.php(130): CInlineFilter->filter()
#8 /var/www/html/yii1/framework/web/CController.php(291): CFilterChain->run()
#9 /var/www/html/yii1/framework/web/CController.php(265): ContentMainController->runActionWithFilters()
#10 /var/www/html/yii1/framework/web/CWebApplication.php(282): ContentMainController->run()
#11 /var/www/html/yii1/framework/web/CWebApplication.php(141): CWebApplication->runController()
#12 /var/www/html/yii1/framework/base/CApplication.php(185): CWebApplication->processRequest()
#13 /var/www/html/cms/index.php(13): CWebApplication->run()
REQUEST_URI=/cms/index.php?r=contentMain/create
in /var/www/html/cms/protected/controllers/ContentMainController.php (65)
in /var/www/html/cms/index.php (13)
2017/02/27 13:44:16 [error] [php] include(ContentMain.php): failed to open stream: No such file or directory (/var/www/html/yii1/framework/YiiBase.php:432)
Stack trace:
#0 /var/www/html/cms/protected/controllers/ContentMainController.php(65): spl_autoload_call()
#1 /var/www/html/yii1/framework/web/actions/CInlineAction.php(49): ContentMainController->actionCreate()
#2 /var/www/html/yii1/framework/web/CController.php(308): CInlineAction->runWithParams()
#3 /var/www/html/yii1/framework/web/filters/CFilterChain.php(133): ContentMainController->runAction()
#4 /var/www/html/yii1/framework/web/filters/CFilter.php(40): CFilterChain->run()
#5 /var/www/html/yii1/framework/web/CController.php(1145): CAccessControlFilter->filter()
#6 /var/www/html/yii1/framework/web/filters/CInlineFilter.php(58): ContentMainController->filterAccessControl()
#7 /var/www/html/yii1/framework/web/filters/CFilterChain.php(130): CInlineFilter->filter()
#8 /var/www/html/yii1/framework/web/CController.php(291): CFilterChain->run()
#9 /var/www/html/yii1/framework/web/CController.php(265): ContentMainController->runActionWithFilters()
#10 /var/www/html/yii1/framework/web/CWebApplication.php(282): ContentMainController->run()
#11 /var/www/html/yii1/framework/web/CWebApplication.php(141): CWebApplication->runController()
#12 /var/www/html/yii1/framework/base/CApplication.php(185): CWebApplication->processRequest()
#13 /var/www/html/cms/index.php(13): CWebApplication->run()
REQUEST_URI=/cms/index.php?r=contentMain/create
in /var/www/html/cms/protected/controllers/ContentMainController.php (65)
in /var/www/html/cms/index.php (13)
2017/02/27 15:24:43 [error] [exception.CHttpException.404] exception 'CHttpException' with message 'Unable to resolve the request "ContentMain2".' in /var/www/html/yii1/framework/web/CWebApplication.php:286
Stack trace:
#0 /var/www/html/yii1/framework/web/CWebApplication.php(141): CWebApplication->runController('ContentMain2')
#1 /var/www/html/yii1/framework/base/CApplication.php(185): CWebApplication->processRequest()
#2 /var/www/html/cms/index.php(13): CApplication->run()
#3 {main}
REQUEST_URI=/cms/index.php?r=ContentMain2
---
2017/02/27 15:40:10 [error] [exception.CException] exception 'CException' with message 'ContentMain2Controller and its behaviors do not have a method or closure named "getTableAlias".' in /var/www/html/yii1/framework/base/CComponent.php:266
Stack trace:
#0 /var/www/html/yii1/framework/db/ar/CActiveRecord.php(1489): CComponent->__call('getTableAlias', Array)
#1 /var/www/html/yii1/framework/db/ar/CActiveRecord.php(1489): ContentMain2Controller->getTableAlias(true)
#2 /var/www/html/cms/protected/controllers/ContentMain2Controller.php(155): CActiveRecord->findByPk('1')
#3 /var/www/html/cms/protected/controllers/ContentMain2Controller.php(55): ContentMain2Controller->loadModel('1')
#4 [internal function]: ContentMain2Controller->actionView('1')
#5 /var/www/html/yii1/framework/web/actions/CAction.php(109): ReflectionMethod->invokeArgs(Object(ContentMain2Controller), Array)
#6 /var/www/html/yii1/framework/web/actions/CInlineAction.php(47): CAction->runWithParamsInternal(Object(ContentMain2Controller), Object(ReflectionMethod), Array)
#7 /var/www/html/yii1/framework/web/CController.php(308): CInlineAction->runWithParams(Array)
#8 /var/www/html/yii1/framework/web/filters/CFilterChain.php(133): CController->runAction(Object(CInlineAction))
#9 /var/www/html/yii1/framework/web/filters/CFilter.php(40): CFilterChain->run()
#10 /var/www/html/yii1/framework/web/CController.php(1145): CFilter->filter(Object(CFilterChain))
#11 /var/www/html/yii1/framework/web/filters/CInlineFilter.php(58): CController->filterAccessControl(Object(CFilterChain))
#12 /var/www/html/yii1/framework/web/filters/CFilterChain.php(130): CInlineFilter->filter(Object(CFilterChain))
#13 /var/www/html/yii1/framework/web/CController.php(291): CFilterChain->run()
#14 /var/www/html/yii1/framework/web/CController.php(265): CController->runActionWithFilters(Object(CInlineAction), Array)
#15 /var/www/html/yii1/framework/web/CWebApplication.php(282): CController->run('view')
#16 /var/www/html/yii1/framework/web/CWebApplication.php(141): CWebApplication->runController('contentMain2/vi...')
#17 /var/www/html/yii1/framework/base/CApplication.php(185): CWebApplication->processRequest()
#18 /var/www/html/cms/index.php(13): CApplication->run()
#19 {main}
REQUEST_URI=/cms/index.php?r=contentMain2/view&id=1
---
2017/02/27 16:05:20 [error] [php] Undefined variable: tableModel (/var/www/html/cms/protected/controllers/MainController.php:116)
Stack trace:
#0 /var/www/html/yii1/framework/web/filters/CFilterChain.php(133): MainController->runAction()
#1 /var/www/html/yii1/framework/web/filters/CFilter.php(40): CFilterChain->run()
#2 /var/www/html/yii1/framework/web/CController.php(1145): CAccessControlFilter->filter()
#3 /var/www/html/yii1/framework/web/filters/CInlineFilter.php(58): MainController->filterAccessControl()
#4 /var/www/html/yii1/framework/web/filters/CFilterChain.php(130): CInlineFilter->filter()
#5 /var/www/html/yii1/framework/web/CController.php(291): CFilterChain->run()
#6 /var/www/html/yii1/framework/web/CController.php(265): MainController->runActionWithFilters()
#7 /var/www/html/yii1/framework/web/CWebApplication.php(282): MainController->run()
#8 /var/www/html/yii1/framework/web/CWebApplication.php(141): CWebApplication->runController()
#9 /var/www/html/yii1/framework/base/CApplication.php(185): CWebApplication->processRequest()
#10 /var/www/html/cms/index.php(13): CWebApplication->run()
REQUEST_URI=/cms/index.php?r=main/create
in /var/www/html/cms/protected/controllers/MainController.php (116)
in /var/www/html/cms/index.php (13)
2017/02/27 16:07:52 [error] [php] Undefined variable: tableModel (/var/www/html/cms/protected/controllers/MainController.php:123)
Stack trace:
#0 /var/www/html/yii1/framework/web/filters/CFilterChain.php(133): MainController->runAction()
#1 /var/www/html/yii1/framework/web/filters/CFilter.php(40): CFilterChain->run()
#2 /var/www/html/yii1/framework/web/CController.php(1145): CAccessControlFilter->filter()
#3 /var/www/html/yii1/framework/web/filters/CInlineFilter.php(58): MainController->filterAccessControl()
#4 /var/www/html/yii1/framework/web/filters/CFilterChain.php(130): CInlineFilter->filter()
#5 /var/www/html/yii1/framework/web/CController.php(291): CFilterChain->run()
#6 /var/www/html/yii1/framework/web/CController.php(265): MainController->runActionWithFilters()
#7 /var/www/html/yii1/framework/web/CWebApplication.php(282): MainController->run()
#8 /var/www/html/yii1/framework/web/CWebApplication.php(141): CWebApplication->runController()
#9 /var/www/html/yii1/framework/base/CApplication.php(185): CWebApplication->processRequest()
#10 /var/www/html/cms/index.php(13): CWebApplication->run()
REQUEST_URI=/cms/index.php?r=main/create
in /var/www/html/cms/protected/controllers/MainController.php (123)
in /var/www/html/cms/index.php (13)
2017/02/27 16:09:06 [error] [php] Undefined variable: tableModel (/var/www/html/cms/protected/controllers/MainController.php:116)
Stack trace:
#0 /var/www/html/yii1/framework/web/filters/CFilterChain.php(133): MainController->runAction()
#1 /var/www/html/yii1/framework/web/filters/CFilter.php(40): CFilterChain->run()
#2 /var/www/html/yii1/framework/web/CController.php(1145): CAccessControlFilter->filter()
#3 /var/www/html/yii1/framework/web/filters/CInlineFilter.php(58): MainController->filterAccessControl()
#4 /var/www/html/yii1/framework/web/filters/CFilterChain.php(130): CInlineFilter->filter()
#5 /var/www/html/yii1/framework/web/CController.php(291): CFilterChain->run()
#6 /var/www/html/yii1/framework/web/CController.php(265): MainController->runActionWithFilters()
#7 /var/www/html/yii1/framework/web/CWebApplication.php(282): MainController->run()
#8 /var/www/html/yii1/framework/web/CWebApplication.php(141): CWebApplication->runController()
#9 /var/www/html/yii1/framework/base/CApplication.php(185): CWebApplication->processRequest()
#10 /var/www/html/cms/index.php(13): CWebApplication->run()
REQUEST_URI=/cms/index.php?r=main/create
in /var/www/html/cms/protected/controllers/MainController.php (116)
in /var/www/html/cms/index.php (13)
2017/02/27 16:10:04 [error] [php] Undefined variable: tableModel (/var/www/html/cms/protected/controllers/MainController.php:116)
Stack trace:
#0 /var/www/html/yii1/framework/web/filters/CFilterChain.php(133): MainController->runAction()
#1 /var/www/html/yii1/framework/web/filters/CFilter.php(40): CFilterChain->run()
#2 /var/www/html/yii1/framework/web/CController.php(1145): CAccessControlFilter->filter()
#3 /var/www/html/yii1/framework/web/filters/CInlineFilter.php(58): MainController->filterAccessControl()
#4 /var/www/html/yii1/framework/web/filters/CFilterChain.php(130): CInlineFilter->filter()
#5 /var/www/html/yii1/framework/web/CController.php(291): CFilterChain->run()
#6 /var/www/html/yii1/framework/web/CController.php(265): MainController->runActionWithFilters()
#7 /var/www/html/yii1/framework/web/CWebApplication.php(282): MainController->run()
#8 /var/www/html/yii1/framework/web/CWebApplication.php(141): CWebApplication->runController()
#9 /var/www/html/yii1/framework/base/CApplication.php(185): CWebApplication->processRequest()
#10 /var/www/html/cms/index.php(13): CWebApplication->run()
REQUEST_URI=/cms/index.php?r=main/create
in /var/www/html/cms/protected/controllers/MainController.php (116)
in /var/www/html/cms/index.php (13)
2017/02/27 16:10:43 [error] [php] Undefined variable: tableModel (/var/www/html/cms/protected/controllers/MainController.php:116)
Stack trace:
#0 /var/www/html/yii1/framework/web/filters/CFilterChain.php(133): MainController->runAction()
#1 /var/www/html/yii1/framework/web/filters/CFilter.php(40): CFilterChain->run()
#2 /var/www/html/yii1/framework/web/CController.php(1145): CAccessControlFilter->filter()
#3 /var/www/html/yii1/framework/web/filters/CInlineFilter.php(58): MainController->filterAccessControl()
#4 /var/www/html/yii1/framework/web/filters/CFilterChain.php(130): CInlineFilter->filter()
#5 /var/www/html/yii1/framework/web/CController.php(291): CFilterChain->run()
#6 /var/www/html/yii1/framework/web/CController.php(265): MainController->runActionWithFilters()
#7 /var/www/html/yii1/framework/web/CWebApplication.php(282): MainController->run()
#8 /var/www/html/yii1/framework/web/CWebApplication.php(141): CWebApplication->runController()
#9 /var/www/html/yii1/framework/base/CApplication.php(185): CWebApplication->processRequest()
#10 /var/www/html/cms/index.php(13): CWebApplication->run()
REQUEST_URI=/cms/index.php?r=main/create
in /var/www/html/cms/protected/controllers/MainController.php (116)
in /var/www/html/cms/index.php (13)
2017/02/27 16:23:38 [error] [exception.CException] exception 'CException' with message 'ContentMain2Controller and its behaviors do not have a method or closure named "getCommandBuilder".' in /var/www/html/yii1/framework/base/CComponent.php:266
Stack trace:
#0 /var/www/html/yii1/framework/db/ar/CActiveRecord.php(1460): CComponent->__call('getCommandBuild...', Array)
#1 /var/www/html/yii1/framework/db/ar/CActiveRecord.php(1460): ContentMain2Controller->getCommandBuilder()
#2 /var/www/html/cms/protected/controllers/ContentMain2Controller.php(155): CActiveRecord->find('1')
#3 /var/www/html/cms/protected/controllers/ContentMain2Controller.php(55): ContentMain2Controller->loadModel('1')
#4 [internal function]: ContentMain2Controller->actionView('1')
#5 /var/www/html/yii1/framework/web/actions/CAction.php(109): ReflectionMethod->invokeArgs(Object(ContentMain2Controller), Array)
#6 /var/www/html/yii1/framework/web/actions/CInlineAction.php(47): CAction->runWithParamsInternal(Object(ContentMain2Controller), Object(ReflectionMethod), Array)
#7 /var/www/html/yii1/framework/web/CController.php(308): CInlineAction->runWithParams(Array)
#8 /var/www/html/yii1/framework/web/filters/CFilterChain.php(133): CController->runAction(Object(CInlineAction))
#9 /var/www/html/yii1/framework/web/filters/CFilter.php(40): CFilterChain->run()
#10 /var/www/html/yii1/framework/web/CController.php(1145): CFilter->filter(Object(CFilterChain))
#11 /var/www/html/yii1/framework/web/filters/CInlineFilter.php(58): CController->filterAccessControl(Object(CFilterChain))
#12 /var/www/html/yii1/framework/web/filters/CFilterChain.php(130): CInlineFilter->filter(Object(CFilterChain))
#13 /var/www/html/yii1/framework/web/CController.php(291): CFilterChain->run()
#14 /var/www/html/yii1/framework/web/CController.php(265): CController->runActionWithFilters(Object(CInlineAction), Array)
#15 /var/www/html/yii1/framework/web/CWebApplication.php(282): CController->run('view')
#16 /var/www/html/yii1/framework/web/CWebApplication.php(141): CWebApplication->runController('contentMain2/vi...')
#17 /var/www/html/yii1/framework/base/CApplication.php(185): CWebApplication->processRequest()
#18 /var/www/html/cms/index.php(13): CApplication->run()
#19 {main}
REQUEST_URI=/cms/index.php?r=contentMain2/view&id=1
---
2017/02/27 16:24:28 [error] [system.db.CDbCommand] CDbCommand::fetchAll() failed: SQLSTATE[42S02]: Base table or view not found: 1146 Table 'cms.BaseModel' doesn't exist. The SQL statement executed was: SHOW FULL COLUMNS FROM `BaseModel`.
in /var/www/html/cms/protected/controllers/ContentMain2Controller.php (155)
in /var/www/html/cms/protected/controllers/ContentMain2Controller.php (55)
in /var/www/html/cms/index.php (13)
2017/02/27 16:24:28 [error] [exception.CDbException] exception 'CDbException' with message 'The table "BaseModel" for active record class "BaseModel" cannot be found in the database.' in /var/www/html/yii1/framework/db/ar/CActiveRecord.php:2387
Stack trace:
#0 /var/www/html/yii1/framework/db/ar/CActiveRecord.php(411): CActiveRecordMetaData->__construct(Object(BaseModel))
#1 /var/www/html/yii1/framework/db/ar/CActiveRecord.php(661): CActiveRecord->getMetaData()
#2 /var/www/html/yii1/framework/db/ar/CActiveRecord.php(1490): CActiveRecord->getTableSchema()
#3 /var/www/html/cms/protected/controllers/ContentMain2Controller.php(155): CActiveRecord->findByPk('1')
#4 /var/www/html/cms/protected/controllers/ContentMain2Controller.php(55): ContentMain2Controller->loadModel('1')
#5 [internal function]: ContentMain2Controller->actionView('1')
#6 /var/www/html/yii1/framework/web/actions/CAction.php(109): ReflectionMethod->invokeArgs(Object(ContentMain2Controller), Array)
#7 /var/www/html/yii1/framework/web/actions/CInlineAction.php(47): CAction->runWithParamsInternal(Object(ContentMain2Controller), Object(ReflectionMethod), Array)
#8 /var/www/html/yii1/framework/web/CController.php(308): CInlineAction->runWithParams(Array)
#9 /var/www/html/yii1/framework/web/filters/CFilterChain.php(133): CController->runAction(Object(CInlineAction))
#10 /var/www/html/yii1/framework/web/filters/CFilter.php(40): CFilterChain->run()
#11 /var/www/html/yii1/framework/web/CController.php(1145): CFilter->filter(Object(CFilterChain))
#12 /var/www/html/yii1/framework/web/filters/CInlineFilter.php(58): CController->filterAccessControl(Object(CFilterChain))
#13 /var/www/html/yii1/framework/web/filters/CFilterChain.php(130): CInlineFilter->filter(Object(CFilterChain))
#14 /var/www/html/yii1/framework/web/CController.php(291): CFilterChain->run()
#15 /var/www/html/yii1/framework/web/CController.php(265): CController->runActionWithFilters(Object(CInlineAction), Array)
#16 /var/www/html/yii1/framework/web/CWebApplication.php(282): CController->run('view')
#17 /var/www/html/yii1/framework/web/CWebApplication.php(141): CWebApplication->runController('contentMain2/vi...')
#18 /var/www/html/yii1/framework/base/CApplication.php(185): CWebApplication->processRequest()
#19 /var/www/html/cms/index.php(13): CApplication->run()
#20 {main}
REQUEST_URI=/cms/index.php?r=contentMain2/view&id=1
---
2017/02/27 16:41:19 [error] [system.db.CDbCommand] CDbCommand::fetchAll() failed: SQLSTATE[42S02]: Base table or view not found: 1146 Table 'cms.BaseModel' doesn't exist. The SQL statement executed was: SHOW FULL COLUMNS FROM `BaseModel`.
in /var/www/html/cms/protected/controllers/ContentMain2Controller.php (155)
in /var/www/html/cms/protected/controllers/ContentMain2Controller.php (55)
in /var/www/html/cms/index.php (13)
2017/02/27 16:41:19 [error] [exception.CDbException] exception 'CDbException' with message 'The table "BaseModel" for active record class "BaseModel" cannot be found in the database.' in /var/www/html/yii1/framework/db/ar/CActiveRecord.php:2387
Stack trace:
#0 /var/www/html/yii1/framework/db/ar/CActiveRecord.php(411): CActiveRecordMetaData->__construct(Object(BaseModel))
#1 /var/www/html/yii1/framework/db/ar/CActiveRecord.php(661): CActiveRecord->getMetaData()
#2 /var/www/html/yii1/framework/db/ar/CActiveRecord.php(1490): CActiveRecord->getTableSchema()
#3 /var/www/html/cms/protected/controllers/ContentMain2Controller.php(155): CActiveRecord->findByPk('1')
#4 /var/www/html/cms/protected/controllers/ContentMain2Controller.php(55): ContentMain2Controller->loadModel('1')
#5 [internal function]: ContentMain2Controller->actionView('1')
#6 /var/www/html/yii1/framework/web/actions/CAction.php(109): ReflectionMethod->invokeArgs(Object(ContentMain2Controller), Array)
#7 /var/www/html/yii1/framework/web/actions/CInlineAction.php(47): CAction->runWithParamsInternal(Object(ContentMain2Controller), Object(ReflectionMethod), Array)
#8 /var/www/html/yii1/framework/web/CController.php(308): CInlineAction->runWithParams(Array)
#9 /var/www/html/yii1/framework/web/filters/CFilterChain.php(133): CController->runAction(Object(CInlineAction))
#10 /var/www/html/yii1/framework/web/filters/CFilter.php(40): CFilterChain->run()
#11 /var/www/html/yii1/framework/web/CController.php(1145): CFilter->filter(Object(CFilterChain))
#12 /var/www/html/yii1/framework/web/filters/CInlineFilter.php(58): CController->filterAccessControl(Object(CFilterChain))
#13 /var/www/html/yii1/framework/web/filters/CFilterChain.php(130): CInlineFilter->filter(Object(CFilterChain))
#14 /var/www/html/yii1/framework/web/CController.php(291): CFilterChain->run()
#15 /var/www/html/yii1/framework/web/CController.php(265): CController->runActionWithFilters(Object(CInlineAction), Array)
#16 /var/www/html/yii1/framework/web/CWebApplication.php(282): CController->run('view')
#17 /var/www/html/yii1/framework/web/CWebApplication.php(141): CWebApplication->runController('contentMain2/vi...')
#18 /var/www/html/yii1/framework/base/CApplication.php(185): CWebApplication->processRequest()
#19 /var/www/html/cms/index.php(13): CApplication->run()
#20 {main}
REQUEST_URI=/cms/index.php?r=contentMain2/view&id=1
---
2017/02/27 16:41:45 [error] [system.db.CDbCommand] CDbCommand::fetchAll() failed: SQLSTATE[42000]: Syntax error or access violation: 1103 Incorrect table name ''. The SQL statement executed was: SHOW FULL COLUMNS FROM ``.
in /var/www/html/cms/protected/controllers/ContentMain2Controller.php (155)
in /var/www/html/cms/protected/controllers/ContentMain2Controller.php (55)
in /var/www/html/cms/index.php (13)
2017/02/27 16:41:45 [error] [exception.CDbException] exception 'CDbException' with message 'The table "" for active record class "BaseModel" cannot be found in the database.' in /var/www/html/yii1/framework/db/ar/CActiveRecord.php:2387
Stack trace:
#0 /var/www/html/yii1/framework/db/ar/CActiveRecord.php(411): CActiveRecordMetaData->__construct(Object(BaseModel))
#1 /var/www/html/yii1/framework/db/ar/CActiveRecord.php(661): CActiveRecord->getMetaData()
#2 /var/www/html/yii1/framework/db/ar/CActiveRecord.php(1490): CActiveRecord->getTableSchema()
#3 /var/www/html/cms/protected/controllers/ContentMain2Controller.php(155): CActiveRecord->findByPk('1')
#4 /var/www/html/cms/protected/controllers/ContentMain2Controller.php(55): ContentMain2Controller->loadModel('1')
#5 [internal function]: ContentMain2Controller->actionView('1')
#6 /var/www/html/yii1/framework/web/actions/CAction.php(109): ReflectionMethod->invokeArgs(Object(ContentMain2Controller), Array)
#7 /var/www/html/yii1/framework/web/actions/CInlineAction.php(47): CAction->runWithParamsInternal(Object(ContentMain2Controller), Object(ReflectionMethod), Array)
#8 /var/www/html/yii1/framework/web/CController.php(308): CInlineAction->runWithParams(Array)
#9 /var/www/html/yii1/framework/web/filters/CFilterChain.php(133): CController->runAction(Object(CInlineAction))
#10 /var/www/html/yii1/framework/web/filters/CFilter.php(40): CFilterChain->run()
#11 /var/www/html/yii1/framework/web/CController.php(1145): CFilter->filter(Object(CFilterChain))
#12 /var/www/html/yii1/framework/web/filters/CInlineFilter.php(58): CController->filterAccessControl(Object(CFilterChain))
#13 /var/www/html/yii1/framework/web/filters/CFilterChain.php(130): CInlineFilter->filter(Object(CFilterChain))
#14 /var/www/html/yii1/framework/web/CController.php(291): CFilterChain->run()
#15 /var/www/html/yii1/framework/web/CController.php(265): CController->runActionWithFilters(Object(CInlineAction), Array)
#16 /var/www/html/yii1/framework/web/CWebApplication.php(282): CController->run('view')
#17 /var/www/html/yii1/framework/web/CWebApplication.php(141): CWebApplication->runController('contentMain2/vi...')
#18 /var/www/html/yii1/framework/base/CApplication.php(185): CWebApplication->processRequest()
#19 /var/www/html/cms/index.php(13): CApplication->run()
#20 {main}
REQUEST_URI=/cms/index.php?r=contentMain2/view&id=1
---
2017/02/27 16:41:53 [error] [exception.CHttpException.404] exception 'CHttpException' with message 'The requested page does not exist.' in /var/www/html/cms/protected/controllers/ContentMain2Controller.php:157
Stack trace:
#0 /var/www/html/cms/protected/controllers/ContentMain2Controller.php(55): ContentMain2Controller->loadModel('1')
#1 [internal function]: ContentMain2Controller->actionView('1')
#2 /var/www/html/yii1/framework/web/actions/CAction.php(109): ReflectionMethod->invokeArgs(Object(ContentMain2Controller), Array)
#3 /var/www/html/yii1/framework/web/actions/CInlineAction.php(47): CAction->runWithParamsInternal(Object(ContentMain2Controller), Object(ReflectionMethod), Array)
#4 /var/www/html/yii1/framework/web/CController.php(308): CInlineAction->runWithParams(Array)
#5 /var/www/html/yii1/framework/web/filters/CFilterChain.php(133): CController->runAction(Object(CInlineAction))
#6 /var/www/html/yii1/framework/web/filters/CFilter.php(40): CFilterChain->run()
#7 /var/www/html/yii1/framework/web/CController.php(1145): CFilter->filter(Object(CFilterChain))
#8 /var/www/html/yii1/framework/web/filters/CInlineFilter.php(58): CController->filterAccessControl(Object(CFilterChain))
#9 /var/www/html/yii1/framework/web/filters/CFilterChain.php(130): CInlineFilter->filter(Object(CFilterChain))
#10 /var/www/html/yii1/framework/web/CController.php(291): CFilterChain->run()
#11 /var/www/html/yii1/framework/web/CController.php(265): CController->runActionWithFilters(Object(CInlineAction), Array)
#12 /var/www/html/yii1/framework/web/CWebApplication.php(282): CController->run('view')
#13 /var/www/html/yii1/framework/web/CWebApplication.php(141): CWebApplication->runController('contentMain2/vi...')
#14 /var/www/html/yii1/framework/base/CApplication.php(185): CWebApplication->processRequest()
#15 /var/www/html/cms/index.php(13): CApplication->run()
#16 {main}
REQUEST_URI=/cms/index.php?r=contentMain2/view&id=1
---
2017/02/27 16:42:52 [error] [php] Undefined property: BaseModel::$id_category (/var/www/html/yii1/framework/db/ar/CActiveFinder.php:661)
Stack trace:
#0 /var/www/html/yii1/framework/db/ar/CActiveRecord.php(281): CActiveFinder->lazyFind()
#1 /var/www/html/yii1/framework/db/ar/CActiveRecord.php(143): BaseModel->getRelated()
#2 /var/www/html/yii1/framework/db/ar/CActiveFinder.php(661): BaseModel->__get()
#3 /var/www/html/yii1/framework/db/ar/CActiveFinder.php(502): CJoinElement->applyLazyCondition()
#4 /var/www/html/yii1/framework/db/ar/CActiveFinder.php(163): CJoinElement->lazyFind()
#5 /var/www/html/yii1/framework/db/ar/CActiveRecord.php(281): CActiveFinder->lazyFind()
#6 /var/www/html/yii1/framework/db/ar/CActiveRecord.php(181): BaseModel->getRelated()
#7 /var/www/html/yii1/framework/web/helpers/CHtml.php(2333): BaseModel->__isset()
#8 /var/www/html/yii1/framework/zii/widgets/CDetailView.php(216): value()
#9 /var/www/html/yii1/framework/web/CBaseController.php(181): CDetailView->run()
#10 /var/www/html/cms/protected/views/contentMain2/view.php(30): ContentMain2Controller->widget()
#11 /var/www/html/yii1/framework/web/CBaseController.php(126): require()
#12 /var/www/html/yii1/framework/web/CBaseController.php(95): ContentMain2Controller->renderInternal()
#13 /var/www/html/yii1/framework/web/CController.php(869): ContentMain2Controller->renderFile()
#14 /var/www/html/yii1/framework/web/CController.php(782): ContentMain2Controller->renderPartial()
#15 /var/www/html/cms/protected/controllers/ContentMain2Controller.php(56): ContentMain2Controller->render()
#16 unknown(0): ContentMain2Controller->actionView()
#17 /var/www/html/yii1/framework/web/actions/CAction.php(109): ReflectionMethod->invokeArgs()
#18 /var/www/html/yii1/framework/web/actions/CInlineAction.php(47): CInlineAction->runWithParamsInternal()
#19 /var/www/html/yii1/framework/web/CController.php(308): CInlineAction->runWithParams()
#20 /var/www/html/yii1/framework/web/filters/CFilterChain.php(133): ContentMain2Controller->runAction()
#21 /var/www/html/yii1/framework/web/filters/CFilter.php(40): CFilterChain->run()
#22 /var/www/html/yii1/framework/web/CController.php(1145): CAccessControlFilter->filter()
#23 /var/www/html/yii1/framework/web/filters/CInlineFilter.php(58): ContentMain2Controller->filterAccessControl()
#24 /var/www/html/yii1/framework/web/filters/CFilterChain.php(130): CInlineFilter->filter()
#25 /var/www/html/yii1/framework/web/CController.php(291): CFilterChain->run()
#26 /var/www/html/yii1/framework/web/CController.php(265): ContentMain2Controller->runActionWithFilters()
#27 /var/www/html/yii1/framework/web/CWebApplication.php(282): ContentMain2Controller->run()
#28 /var/www/html/yii1/framework/web/CWebApplication.php(141): CWebApplication->runController()
#29 /var/www/html/yii1/framework/base/CApplication.php(185): CWebApplication->processRequest()
#30 /var/www/html/cms/index.php(13): CWebApplication->run()
REQUEST_URI=/cms/index.php?r=contentMain2/view&id=2
in /var/www/html/cms/protected/views/contentMain2/view.php (30)
in /var/www/html/cms/protected/controllers/ContentMain2Controller.php (56)
in /var/www/html/cms/index.php (13)
2017/02/27 16:43:09 [error] [exception.CHttpException.404] exception 'CHttpException' with message 'The requested page does not exist.' in /var/www/html/cms/protected/controllers/ContentMain2Controller.php:157
Stack trace:
#0 /var/www/html/cms/protected/controllers/ContentMain2Controller.php(55): ContentMain2Controller->loadModel('1')
#1 [internal function]: ContentMain2Controller->actionView('1')
#2 /var/www/html/yii1/framework/web/actions/CAction.php(109): ReflectionMethod->invokeArgs(Object(ContentMain2Controller), Array)
#3 /var/www/html/yii1/framework/web/actions/CInlineAction.php(47): CAction->runWithParamsInternal(Object(ContentMain2Controller), Object(ReflectionMethod), Array)
#4 /var/www/html/yii1/framework/web/CController.php(308): CInlineAction->runWithParams(Array)
#5 /var/www/html/yii1/framework/web/filters/CFilterChain.php(133): CController->runAction(Object(CInlineAction))
#6 /var/www/html/yii1/framework/web/filters/CFilter.php(40): CFilterChain->run()
#7 /var/www/html/yii1/framework/web/CController.php(1145): CFilter->filter(Object(CFilterChain))
#8 /var/www/html/yii1/framework/web/filters/CInlineFilter.php(58): CController->filterAccessControl(Object(CFilterChain))
#9 /var/www/html/yii1/framework/web/filters/CFilterChain.php(130): CInlineFilter->filter(Object(CFilterChain))
#10 /var/www/html/yii1/framework/web/CController.php(291): CFilterChain->run()
#11 /var/www/html/yii1/framework/web/CController.php(265): CController->runActionWithFilters(Object(CInlineAction), Array)
#12 /var/www/html/yii1/framework/web/CWebApplication.php(282): CController->run('view')
#13 /var/www/html/yii1/framework/web/CWebApplication.php(141): CWebApplication->runController('contentMain2/vi...')
#14 /var/www/html/yii1/framework/base/CApplication.php(185): CWebApplication->processRequest()
#15 /var/www/html/cms/index.php(13): CApplication->run()
#16 {main}
REQUEST_URI=/cms/index.php?r=contentMain2/view&id=1
---
2017/02/27 16:44:30 [error] [php] include(Model.php): failed to open stream: No such file or directory (/var/www/html/yii1/framework/YiiBase.php:432)
Stack trace:
#0 /var/www/html/cms/protected/models/BaseModel.php(18): spl_autoload_call()
#1 /var/www/html/yii1/framework/YiiBase.php(432): include()
#2 unknown(0): autoload()
#3 /var/www/html/cms/protected/models/ContentMain2.php(4): spl_autoload_call()
#4 /var/www/html/yii1/framework/YiiBase.php(432): include()
#5 unknown(0): autoload()
#6 /var/www/html/cms/protected/controllers/ContentMain2Controller.php(155): spl_autoload_call()
#7 /var/www/html/cms/protected/controllers/ContentMain2Controller.php(55): ContentMain2Controller->loadModel()
#8 unknown(0): ContentMain2Controller->actionView()
#9 /var/www/html/yii1/framework/web/actions/CAction.php(109): ReflectionMethod->invokeArgs()
#10 /var/www/html/yii1/framework/web/actions/CInlineAction.php(47): CInlineAction->runWithParamsInternal()
#11 /var/www/html/yii1/framework/web/CController.php(308): CInlineAction->runWithParams()
#12 /var/www/html/yii1/framework/web/filters/CFilterChain.php(133): ContentMain2Controller->runAction()
#13 /var/www/html/yii1/framework/web/filters/CFilter.php(40): CFilterChain->run()
#14 /var/www/html/yii1/framework/web/CController.php(1145): CAccessControlFilter->filter()
#15 /var/www/html/yii1/framework/web/filters/CInlineFilter.php(58): ContentMain2Controller->filterAccessControl()
#16 /var/www/html/yii1/framework/web/filters/CFilterChain.php(130): CInlineFilter->filter()
#17 /var/www/html/yii1/framework/web/CController.php(291): CFilterChain->run()
#18 /var/www/html/yii1/framework/web/CController.php(265): ContentMain2Controller->runActionWithFilters()
#19 /var/www/html/yii1/framework/web/CWebApplication.php(282): ContentMain2Controller->run()
#20 /var/www/html/yii1/framework/web/CWebApplication.php(141): CWebApplication->runController()
#21 /var/www/html/yii1/framework/base/CApplication.php(185): CWebApplication->processRequest()
#22 /var/www/html/cms/index.php(13): CWebApplication->run()
REQUEST_URI=/cms/index.php?r=contentMain2/view&id=1
in /var/www/html/cms/protected/models/BaseModel.php (18)
in /var/www/html/cms/protected/models/ContentMain2.php (4)
in /var/www/html/cms/protected/controllers/ContentMain2Controller.php (155)
2017/02/27 16:44:37 [error] [php] include(Model.php): failed to open stream: No such file or directory (/var/www/html/yii1/framework/YiiBase.php:432)
Stack trace:
#0 /var/www/html/cms/protected/models/BaseModel.php(18): spl_autoload_call()
#1 /var/www/html/yii1/framework/YiiBase.php(432): include()
#2 unknown(0): autoload()
#3 /var/www/html/cms/protected/models/ContentMain2.php(4): spl_autoload_call()
#4 /var/www/html/yii1/framework/YiiBase.php(432): include()
#5 unknown(0): autoload()
#6 /var/www/html/cms/protected/controllers/ContentMain2Controller.php(155): spl_autoload_call()
#7 /var/www/html/cms/protected/controllers/ContentMain2Controller.php(55): ContentMain2Controller->loadModel()
#8 unknown(0): ContentMain2Controller->actionView()
#9 /var/www/html/yii1/framework/web/actions/CAction.php(109): ReflectionMethod->invokeArgs()
#10 /var/www/html/yii1/framework/web/actions/CInlineAction.php(47): CInlineAction->runWithParamsInternal()
#11 /var/www/html/yii1/framework/web/CController.php(308): CInlineAction->runWithParams()
#12 /var/www/html/yii1/framework/web/filters/CFilterChain.php(133): ContentMain2Controller->runAction()
#13 /var/www/html/yii1/framework/web/filters/CFilter.php(40): CFilterChain->run()
#14 /var/www/html/yii1/framework/web/CController.php(1145): CAccessControlFilter->filter()
#15 /var/www/html/yii1/framework/web/filters/CInlineFilter.php(58): ContentMain2Controller->filterAccessControl()
#16 /var/www/html/yii1/framework/web/filters/CFilterChain.php(130): CInlineFilter->filter()
#17 /var/www/html/yii1/framework/web/CController.php(291): CFilterChain->run()
#18 /var/www/html/yii1/framework/web/CController.php(265): ContentMain2Controller->runActionWithFilters()
#19 /var/www/html/yii1/framework/web/CWebApplication.php(282): ContentMain2Controller->run()
#20 /var/www/html/yii1/framework/web/CWebApplication.php(141): CWebApplication->runController()
#21 /var/www/html/yii1/framework/base/CApplication.php(185): CWebApplication->processRequest()
#22 /var/www/html/cms/index.php(13): CWebApplication->run()
REQUEST_URI=/cms/index.php?r=contentMain2/view&id=1
in /var/www/html/cms/protected/models/BaseModel.php (18)
in /var/www/html/cms/protected/models/ContentMain2.php (4)
in /var/www/html/cms/protected/controllers/ContentMain2Controller.php (155)
2017/02/27 17:04:52 [error] [php] Undefined variable: tableModel (/var/www/html/cms/protected/controllers/MainController.php:92)
Stack trace:
#0 /var/www/html/yii1/framework/web/filters/CFilterChain.php(133): MainController->runAction()
#1 /var/www/html/yii1/framework/web/filters/CFilter.php(40): CFilterChain->run()
#2 /var/www/html/yii1/framework/web/CController.php(1145): CAccessControlFilter->filter()
#3 /var/www/html/yii1/framework/web/filters/CInlineFilter.php(58): MainController->filterAccessControl()
#4 /var/www/html/yii1/framework/web/filters/CFilterChain.php(130): CInlineFilter->filter()
#5 /var/www/html/yii1/framework/web/CController.php(291): CFilterChain->run()
#6 /var/www/html/yii1/framework/web/CController.php(265): MainController->runActionWithFilters()
#7 /var/www/html/yii1/framework/web/CWebApplication.php(282): MainController->run()
#8 /var/www/html/yii1/framework/web/CWebApplication.php(141): CWebApplication->runController()
#9 /var/www/html/yii1/framework/base/CApplication.php(185): CWebApplication->processRequest()
#10 /var/www/html/cms/index.php(13): CWebApplication->run()
REQUEST_URI=/cms/index.php?r=main/create
in /var/www/html/cms/protected/controllers/MainController.php (92)
in /var/www/html/cms/index.php (13)
2017/02/27 17:08:13 [error] [php] Undefined variable: className (/var/www/html/cms/protected/controllers/MainController.php:117)
Stack trace:
#0 /var/www/html/yii1/framework/web/filters/CFilterChain.php(133): MainController->runAction()
#1 /var/www/html/yii1/framework/web/filters/CFilter.php(40): CFilterChain->run()
#2 /var/www/html/yii1/framework/web/CController.php(1145): CAccessControlFilter->filter()
#3 /var/www/html/yii1/framework/web/filters/CInlineFilter.php(58): MainController->filterAccessControl()
#4 /var/www/html/yii1/framework/web/filters/CFilterChain.php(130): CInlineFilter->filter()
#5 /var/www/html/yii1/framework/web/CController.php(291): CFilterChain->run()
#6 /var/www/html/yii1/framework/web/CController.php(265): MainController->runActionWithFilters()
#7 /var/www/html/yii1/framework/web/CWebApplication.php(282): MainController->run()
#8 /var/www/html/yii1/framework/web/CWebApplication.php(141): CWebApplication->runController()
#9 /var/www/html/yii1/framework/base/CApplication.php(185): CWebApplication->processRequest()
#10 /var/www/html/cms/index.php(13): CWebApplication->run()
REQUEST_URI=/cms/index.php?r=main/create
in /var/www/html/cms/protected/controllers/MainController.php (117)
in /var/www/html/cms/index.php (13)
2017/02/27 17:09:23 [error] [php] Undefined variable: className (/var/www/html/cms/protected/controllers/MainController.php:117)
Stack trace:
#0 /var/www/html/yii1/framework/web/filters/CFilterChain.php(133): MainController->runAction()
#1 /var/www/html/yii1/framework/web/filters/CFilter.php(40): CFilterChain->run()
#2 /var/www/html/yii1/framework/web/CController.php(1145): CAccessControlFilter->filter()
#3 /var/www/html/yii1/framework/web/filters/CInlineFilter.php(58): MainController->filterAccessControl()
#4 /var/www/html/yii1/framework/web/filters/CFilterChain.php(130): CInlineFilter->filter()
#5 /var/www/html/yii1/framework/web/CController.php(291): CFilterChain->run()
#6 /var/www/html/yii1/framework/web/CController.php(265): MainController->runActionWithFilters()
#7 /var/www/html/yii1/framework/web/CWebApplication.php(282): MainController->run()
#8 /var/www/html/yii1/framework/web/CWebApplication.php(141): CWebApplication->runController()
#9 /var/www/html/yii1/framework/base/CApplication.php(185): CWebApplication->processRequest()
#10 /var/www/html/cms/index.php(13): CWebApplication->run()
REQUEST_URI=/cms/index.php?r=main/create
in /var/www/html/cms/protected/controllers/MainController.php (117)
in /var/www/html/cms/index.php (13)
2017/02/27 17:10:14 [error] [php] Undefined variable: className (/var/www/html/cms/protected/controllers/MainController.php:119)
Stack trace:
#0 /var/www/html/yii1/framework/web/filters/CFilterChain.php(133): MainController->runAction()
#1 /var/www/html/yii1/framework/web/filters/CFilter.php(40): CFilterChain->run()
#2 /var/www/html/yii1/framework/web/CController.php(1145): CAccessControlFilter->filter()
#3 /var/www/html/yii1/framework/web/filters/CInlineFilter.php(58): MainController->filterAccessControl()
#4 /var/www/html/yii1/framework/web/filters/CFilterChain.php(130): CInlineFilter->filter()
#5 /var/www/html/yii1/framework/web/CController.php(291): CFilterChain->run()
#6 /var/www/html/yii1/framework/web/CController.php(265): MainController->runActionWithFilters()
#7 /var/www/html/yii1/framework/web/CWebApplication.php(282): MainController->run()
#8 /var/www/html/yii1/framework/web/CWebApplication.php(141): CWebApplication->runController()
#9 /var/www/html/yii1/framework/base/CApplication.php(185): CWebApplication->processRequest()
#10 /var/www/html/cms/index.php(13): CWebApplication->run()
REQUEST_URI=/cms/index.php?r=main/create
in /var/www/html/cms/protected/controllers/MainController.php (119)
in /var/www/html/cms/index.php (13)
2017/02/27 17:11:04 [error] [php] Undefined variable: className (/var/www/html/cms/protected/controllers/MainController.php:119)
Stack trace:
#0 /var/www/html/yii1/framework/web/filters/CFilterChain.php(133): MainController->runAction()
#1 /var/www/html/yii1/framework/web/filters/CFilter.php(40): CFilterChain->run()
#2 /var/www/html/yii1/framework/web/CController.php(1145): CAccessControlFilter->filter()
#3 /var/www/html/yii1/framework/web/filters/CInlineFilter.php(58): MainController->filterAccessControl()
#4 /var/www/html/yii1/framework/web/filters/CFilterChain.php(130): CInlineFilter->filter()
#5 /var/www/html/yii1/framework/web/CController.php(291): CFilterChain->run()
#6 /var/www/html/yii1/framework/web/CController.php(265): MainController->runActionWithFilters()
#7 /var/www/html/yii1/framework/web/CWebApplication.php(282): MainController->run()
#8 /var/www/html/yii1/framework/web/CWebApplication.php(141): CWebApplication->runController()
#9 /var/www/html/yii1/framework/base/CApplication.php(185): CWebApplication->processRequest()
#10 /var/www/html/cms/index.php(13): CWebApplication->run()
REQUEST_URI=/cms/index.php?r=main/create
in /var/www/html/cms/protected/controllers/MainController.php (119)
in /var/www/html/cms/index.php (13)
2017/02/27 17:30:38 [error] [php] Undefined variable: className (/var/www/html/cms/protected/controllers/MainController.php:115)
Stack trace:
#0 /var/www/html/yii1/framework/web/filters/CFilterChain.php(133): MainController->runAction()
#1 /var/www/html/yii1/framework/web/filters/CFilter.php(40): CFilterChain->run()
#2 /var/www/html/yii1/framework/web/CController.php(1145): CAccessControlFilter->filter()
#3 /var/www/html/yii1/framework/web/filters/CInlineFilter.php(58): MainController->filterAccessControl()
#4 /var/www/html/yii1/framework/web/filters/CFilterChain.php(130): CInlineFilter->filter()
#5 /var/www/html/yii1/framework/web/CController.php(291): CFilterChain->run()
#6 /var/www/html/yii1/framework/web/CController.php(265): MainController->runActionWithFilters()
#7 /var/www/html/yii1/framework/web/CWebApplication.php(282): MainController->run()
#8 /var/www/html/yii1/framework/web/CWebApplication.php(141): CWebApplication->runController()
#9 /var/www/html/yii1/framework/base/CApplication.php(185): CWebApplication->processRequest()
#10 /var/www/html/cms/index.php(13): CWebApplication->run()
REQUEST_URI=/cms/index.php?r=main/create
in /var/www/html/cms/protected/controllers/MainController.php (115)
in /var/www/html/cms/index.php (13)
2017/02/27 17:55:09 [error] [system.db.CDbCommand] CDbCommand::fetchAll() failed: SQLSTATE[42S02]: Base table or view not found: 1146 Table 'cms.BaseModelContentMain' doesn't exist. The SQL statement executed was: SHOW FULL COLUMNS FROM `BaseModelContentMain`.
in /var/www/html/cms/protected/controllers/ContentMain2Controller.php (155)
in /var/www/html/cms/protected/controllers/ContentMain2Controller.php (55)
in /var/www/html/cms/index.php (13)
2017/02/27 17:55:09 [error] [exception.CDbException] exception 'CDbException' with message 'The table "BaseModelContentMain" for active record class "BaseModelContentMain" cannot be found in the database.' in /var/www/html/yii1/framework/db/ar/CActiveRecord.php:2387
Stack trace:
#0 /var/www/html/yii1/framework/db/ar/CActiveRecord.php(411): CActiveRecordMetaData->__construct(Object(BaseModelContentMain))
#1 /var/www/html/yii1/framework/db/ar/CActiveRecord.php(661): CActiveRecord->getMetaData()
#2 /var/www/html/yii1/framework/db/ar/CActiveRecord.php(1490): CActiveRecord->getTableSchema()
#3 /var/www/html/cms/protected/controllers/ContentMain2Controller.php(155): CActiveRecord->findByPk('1')
#4 /var/www/html/cms/protected/controllers/ContentMain2Controller.php(55): ContentMain2Controller->loadModel('1')
#5 [internal function]: ContentMain2Controller->actionView('1')
#6 /var/www/html/yii1/framework/web/actions/CAction.php(109): ReflectionMethod->invokeArgs(Object(ContentMain2Controller), Array)
#7 /var/www/html/yii1/framework/web/actions/CInlineAction.php(47): CAction->runWithParamsInternal(Object(ContentMain2Controller), Object(ReflectionMethod), Array)
#8 /var/www/html/yii1/framework/web/CController.php(308): CInlineAction->runWithParams(Array)
#9 /var/www/html/yii1/framework/web/filters/CFilterChain.php(133): CController->runAction(Object(CInlineAction))
#10 /var/www/html/yii1/framework/web/filters/CFilter.php(40): CFilterChain->run()
#11 /var/www/html/yii1/framework/web/CController.php(1145): CFilter->filter(Object(CFilterChain))
#12 /var/www/html/yii1/framework/web/filters/CInlineFilter.php(58): CController->filterAccessControl(Object(CFilterChain))
#13 /var/www/html/yii1/framework/web/filters/CFilterChain.php(130): CInlineFilter->filter(Object(CFilterChain))
#14 /var/www/html/yii1/framework/web/CController.php(291): CFilterChain->run()
#15 /var/www/html/yii1/framework/web/CController.php(265): CController->runActionWithFilters(Object(CInlineAction), Array)
#16 /var/www/html/yii1/framework/web/CWebApplication.php(282): CController->run('view')
#17 /var/www/html/yii1/framework/web/CWebApplication.php(141): CWebApplication->runController('contentMain2/vi...')
#18 /var/www/html/yii1/framework/base/CApplication.php(185): CWebApplication->processRequest()
#19 /var/www/html/cms/index.php(13): CApplication->run()
#20 {main}
REQUEST_URI=/cms/index.php?r=contentMain2/view&id=1
---
2017/02/27 18:51:56 [error] [php] include(BaseModelContentMain.php): failed to open stream: No such file or directory (/var/www/html/yii1/framework/YiiBase.php:432)
Stack trace:
#0 /var/www/html/cms/protected/models/ContentMain2.php(4): spl_autoload_call()
#1 /var/www/html/yii1/framework/YiiBase.php(432): include()
#2 unknown(0): autoload()
#3 /var/www/html/yii1/framework/db/ar/CActiveRecord.php(395): spl_autoload_call()
#4 /var/www/html/yii1/framework/web/CActiveDataProvider.php(165): model()
#5 /var/www/html/yii1/framework/web/CActiveDataProvider.php(87): CActiveDataProvider->getModel()
#6 /var/www/html/cms/protected/controllers/ContentMain2Controller.php(125): CActiveDataProvider->__construct()
#7 /var/www/html/yii1/framework/web/actions/CInlineAction.php(49): ContentMain2Controller->actionIndex()
#8 /var/www/html/yii1/framework/web/CController.php(308): CInlineAction->runWithParams()
#9 /var/www/html/yii1/framework/web/filters/CFilterChain.php(133): ContentMain2Controller->runAction()
#10 /var/www/html/yii1/framework/web/filters/CFilter.php(40): CFilterChain->run()
#11 /var/www/html/yii1/framework/web/CController.php(1145): CAccessControlFilter->filter()
#12 /var/www/html/yii1/framework/web/filters/CInlineFilter.php(58): ContentMain2Controller->filterAccessControl()
#13 /var/www/html/yii1/framework/web/filters/CFilterChain.php(130): CInlineFilter->filter()
#14 /var/www/html/yii1/framework/web/CController.php(291): CFilterChain->run()
#15 /var/www/html/yii1/framework/web/CController.php(265): ContentMain2Controller->runActionWithFilters()
#16 /var/www/html/yii1/framework/web/CWebApplication.php(282): ContentMain2Controller->run()
#17 /var/www/html/yii1/framework/web/CWebApplication.php(141): CWebApplication->runController()
#18 /var/www/html/yii1/framework/base/CApplication.php(185): CWebApplication->processRequest()
#19 /var/www/html/cms/index.php(13): CWebApplication->run()
REQUEST_URI=/cms/index.php?r=contentMain2
in /var/www/html/cms/protected/models/ContentMain2.php (4)
in /var/www/html/cms/protected/controllers/ContentMain2Controller.php (125)
in /var/www/html/cms/index.php (13)
2017/02/27 19:04:49 [error] [php] include(BaseModelContentMain.php): failed to open stream: No such file or directory (/var/www/html/yii1/framework/YiiBase.php:432)
Stack trace:
#0 /var/www/html/cms/protected/models/ContentMain2.php(4): spl_autoload_call()
#1 /var/www/html/yii1/framework/YiiBase.php(432): include()
#2 unknown(0): autoload()
#3 /var/www/html/yii1/framework/db/ar/CActiveRecord.php(395): spl_autoload_call()
#4 /var/www/html/yii1/framework/web/CActiveDataProvider.php(165): model()
#5 /var/www/html/yii1/framework/web/CActiveDataProvider.php(87): CActiveDataProvider->getModel()
#6 /var/www/html/cms/protected/controllers/ContentMain2Controller.php(125): CActiveDataProvider->__construct()
#7 /var/www/html/yii1/framework/web/actions/CInlineAction.php(49): ContentMain2Controller->actionIndex()
#8 /var/www/html/yii1/framework/web/CController.php(308): CInlineAction->runWithParams()
#9 /var/www/html/yii1/framework/web/filters/CFilterChain.php(133): ContentMain2Controller->runAction()
#10 /var/www/html/yii1/framework/web/filters/CFilter.php(40): CFilterChain->run()
#11 /var/www/html/yii1/framework/web/CController.php(1145): CAccessControlFilter->filter()
#12 /var/www/html/yii1/framework/web/filters/CInlineFilter.php(58): ContentMain2Controller->filterAccessControl()
#13 /var/www/html/yii1/framework/web/filters/CFilterChain.php(130): CInlineFilter->filter()
#14 /var/www/html/yii1/framework/web/CController.php(291): CFilterChain->run()
#15 /var/www/html/yii1/framework/web/CController.php(265): ContentMain2Controller->runActionWithFilters()
#16 /var/www/html/yii1/framework/web/CWebApplication.php(282): ContentMain2Controller->run()
#17 /var/www/html/yii1/framework/web/CWebApplication.php(141): CWebApplication->runController()
#18 /var/www/html/yii1/framework/base/CApplication.php(185): CWebApplication->processRequest()
#19 /var/www/html/cms/index.php(13): CWebApplication->run()
REQUEST_URI=/cms/index.php?r=contentMain2
in /var/www/html/cms/protected/models/ContentMain2.php (4)
in /var/www/html/cms/protected/controllers/ContentMain2Controller.php (125)
in /var/www/html/cms/index.php (13)
2017/02/27 19:04:55 [error] [php] include(BaseModelContentMain.php): failed to open stream: No such file or directory (/var/www/html/yii1/framework/YiiBase.php:432)
Stack trace:
#0 /var/www/html/cms/protected/models/ContentMain2.php(4): spl_autoload_call()
#1 /var/www/html/yii1/framework/YiiBase.php(432): include()
#2 unknown(0): autoload()
#3 /var/www/html/yii1/framework/db/ar/CActiveRecord.php(395): spl_autoload_call()
#4 /var/www/html/yii1/framework/web/CActiveDataProvider.php(165): model()
#5 /var/www/html/yii1/framework/web/CActiveDataProvider.php(87): CActiveDataProvider->getModel()
#6 /var/www/html/cms/protected/controllers/ContentMain2Controller.php(125): CActiveDataProvider->__construct()
#7 /var/www/html/yii1/framework/web/actions/CInlineAction.php(49): ContentMain2Controller->actionIndex()
#8 /var/www/html/yii1/framework/web/CController.php(308): CInlineAction->runWithParams()
#9 /var/www/html/yii1/framework/web/filters/CFilterChain.php(133): ContentMain2Controller->runAction()
#10 /var/www/html/yii1/framework/web/filters/CFilter.php(40): CFilterChain->run()
#11 /var/www/html/yii1/framework/web/CController.php(1145): CAccessControlFilter->filter()
#12 /var/www/html/yii1/framework/web/filters/CInlineFilter.php(58): ContentMain2Controller->filterAccessControl()
#13 /var/www/html/yii1/framework/web/filters/CFilterChain.php(130): CInlineFilter->filter()
#14 /var/www/html/yii1/framework/web/CController.php(291): CFilterChain->run()
#15 /var/www/html/yii1/framework/web/CController.php(265): ContentMain2Controller->runActionWithFilters()
#16 /var/www/html/yii1/framework/web/CWebApplication.php(282): ContentMain2Controller->run()
#17 /var/www/html/yii1/framework/web/CWebApplication.php(141): CWebApplication->runController()
#18 /var/www/html/yii1/framework/base/CApplication.php(185): CWebApplication->processRequest()
#19 /var/www/html/cms/index.php(13): CWebApplication->run()
REQUEST_URI=/cms/index.php?r=contentMain2
in /var/www/html/cms/protected/models/ContentMain2.php (4)
in /var/www/html/cms/protected/controllers/ContentMain2Controller.php (125)
in /var/www/html/cms/index.php (13)
2017/02/27 19:05:43 [error] [php] include(BaseModelContentMain.php): failed to open stream: No such file or directory (/var/www/html/yii1/framework/YiiBase.php:432)
Stack trace:
#0 /var/www/html/cms/protected/models/ContentMain2.php(4): spl_autoload_call()
#1 /var/www/html/yii1/framework/YiiBase.php(432): include()
#2 unknown(0): autoload()
#3 /var/www/html/yii1/framework/db/ar/CActiveRecord.php(395): spl_autoload_call()
#4 /var/www/html/yii1/framework/web/CActiveDataProvider.php(165): model()
#5 /var/www/html/yii1/framework/web/CActiveDataProvider.php(87): CActiveDataProvider->getModel()
#6 /var/www/html/cms/protected/controllers/ContentMain2Controller.php(125): CActiveDataProvider->__construct()
#7 /var/www/html/yii1/framework/web/actions/CInlineAction.php(49): ContentMain2Controller->actionIndex()
#8 /var/www/html/yii1/framework/web/CController.php(308): CInlineAction->runWithParams()
#9 /var/www/html/yii1/framework/web/filters/CFilterChain.php(133): ContentMain2Controller->runAction()
#10 /var/www/html/yii1/framework/web/filters/CFilter.php(40): CFilterChain->run()
#11 /var/www/html/yii1/framework/web/CController.php(1145): CAccessControlFilter->filter()
#12 /var/www/html/yii1/framework/web/filters/CInlineFilter.php(58): ContentMain2Controller->filterAccessControl()
#13 /var/www/html/yii1/framework/web/filters/CFilterChain.php(130): CInlineFilter->filter()
#14 /var/www/html/yii1/framework/web/CController.php(291): CFilterChain->run()
#15 /var/www/html/yii1/framework/web/CController.php(265): ContentMain2Controller->runActionWithFilters()
#16 /var/www/html/yii1/framework/web/CWebApplication.php(282): ContentMain2Controller->run()
#17 /var/www/html/yii1/framework/web/CWebApplication.php(141): CWebApplication->runController()
#18 /var/www/html/yii1/framework/base/CApplication.php(185): CWebApplication->processRequest()
#19 /var/www/html/cms/index.php(13): CWebApplication->run()
REQUEST_URI=/cms/index.php?r=contentMain2
in /var/www/html/cms/protected/models/ContentMain2.php (4)
in /var/www/html/cms/protected/controllers/ContentMain2Controller.php (125)
in /var/www/html/cms/index.php (13)
2017/02/27 19:07:27 [error] [php] include(BaseModelContentMain.php): failed to open stream: No such file or directory (/var/www/html/yii1/framework/YiiBase.php:432)
Stack trace:
#0 /var/www/html/cms/protected/models/ContentMain2.php(4): spl_autoload_call()
#1 /var/www/html/yii1/framework/YiiBase.php(432): include()
#2 unknown(0): autoload()
#3 /var/www/html/yii1/framework/db/ar/CActiveRecord.php(395): spl_autoload_call()
#4 /var/www/html/yii1/framework/web/CActiveDataProvider.php(165): model()
#5 /var/www/html/yii1/framework/web/CActiveDataProvider.php(87): CActiveDataProvider->getModel()
#6 /var/www/html/cms/protected/controllers/ContentMain2Controller.php(125): CActiveDataProvider->__construct()
#7 /var/www/html/yii1/framework/web/actions/CInlineAction.php(49): ContentMain2Controller->actionIndex()
#8 /var/www/html/yii1/framework/web/CController.php(308): CInlineAction->runWithParams()
#9 /var/www/html/yii1/framework/web/filters/CFilterChain.php(133): ContentMain2Controller->runAction()
#10 /var/www/html/yii1/framework/web/filters/CFilter.php(40): CFilterChain->run()
#11 /var/www/html/yii1/framework/web/CController.php(1145): CAccessControlFilter->filter()
#12 /var/www/html/yii1/framework/web/filters/CInlineFilter.php(58): ContentMain2Controller->filterAccessControl()
#13 /var/www/html/yii1/framework/web/filters/CFilterChain.php(130): CInlineFilter->filter()
#14 /var/www/html/yii1/framework/web/CController.php(291): CFilterChain->run()
#15 /var/www/html/yii1/framework/web/CController.php(265): ContentMain2Controller->runActionWithFilters()
#16 /var/www/html/yii1/framework/web/CWebApplication.php(282): ContentMain2Controller->run()
#17 /var/www/html/yii1/framework/web/CWebApplication.php(141): CWebApplication->runController()
#18 /var/www/html/yii1/framework/base/CApplication.php(185): CWebApplication->processRequest()
#19 /var/www/html/cms/index.php(13): CWebApplication->run()
REQUEST_URI=/cms/index.php?r=contentMain2
in /var/www/html/cms/protected/models/ContentMain2.php (4)
in /var/www/html/cms/protected/controllers/ContentMain2Controller.php (125)
in /var/www/html/cms/index.php (13)
2017/02/27 19:07:55 [error] [php] include(BaseModelContentMain.php): failed to open stream: No such file or directory (/var/www/html/yii1/framework/YiiBase.php:432)
Stack trace:
#0 /var/www/html/cms/protected/models/ContentMain2.php(4): spl_autoload_call()
#1 /var/www/html/yii1/framework/YiiBase.php(432): include()
#2 unknown(0): autoload()
#3 /var/www/html/yii1/framework/db/ar/CActiveRecord.php(395): spl_autoload_call()
#4 /var/www/html/yii1/framework/web/CActiveDataProvider.php(165): model()
#5 /var/www/html/yii1/framework/web/CActiveDataProvider.php(87): CActiveDataProvider->getModel()
#6 /var/www/html/cms/protected/controllers/ContentMain2Controller.php(125): CActiveDataProvider->__construct()
#7 /var/www/html/yii1/framework/web/actions/CInlineAction.php(49): ContentMain2Controller->actionIndex()
#8 /var/www/html/yii1/framework/web/CController.php(308): CInlineAction->runWithParams()
#9 /var/www/html/yii1/framework/web/filters/CFilterChain.php(133): ContentMain2Controller->runAction()
#10 /var/www/html/yii1/framework/web/filters/CFilter.php(40): CFilterChain->run()
#11 /var/www/html/yii1/framework/web/CController.php(1145): CAccessControlFilter->filter()
#12 /var/www/html/yii1/framework/web/filters/CInlineFilter.php(58): ContentMain2Controller->filterAccessControl()
#13 /var/www/html/yii1/framework/web/filters/CFilterChain.php(130): CInlineFilter->filter()
#14 /var/www/html/yii1/framework/web/CController.php(291): CFilterChain->run()
#15 /var/www/html/yii1/framework/web/CController.php(265): ContentMain2Controller->runActionWithFilters()
#16 /var/www/html/yii1/framework/web/CWebApplication.php(282): ContentMain2Controller->run()
#17 /var/www/html/yii1/framework/web/CWebApplication.php(141): CWebApplication->runController()
#18 /var/www/html/yii1/framework/base/CApplication.php(185): CWebApplication->processRequest()
#19 /var/www/html/cms/index.php(13): CWebApplication->run()
REQUEST_URI=/cms/index.php?r=contentMain2
in /var/www/html/cms/protected/models/ContentMain2.php (4)
in /var/www/html/cms/protected/controllers/ContentMain2Controller.php (125)
in /var/www/html/cms/index.php (13)
2017/02/27 19:07:58 [error] [php] include(BaseModelContentMain.php): failed to open stream: No such file or directory (/var/www/html/yii1/framework/YiiBase.php:432)
Stack trace:
#0 /var/www/html/cms/protected/models/ContentMain2.php(4): spl_autoload_call()
#1 /var/www/html/yii1/framework/YiiBase.php(432): include()
#2 unknown(0): autoload()
#3 /var/www/html/yii1/framework/db/ar/CActiveRecord.php(395): spl_autoload_call()
#4 /var/www/html/yii1/framework/web/CActiveDataProvider.php(165): model()
#5 /var/www/html/yii1/framework/web/CActiveDataProvider.php(87): CActiveDataProvider->getModel()
#6 /var/www/html/cms/protected/controllers/ContentMain2Controller.php(125): CActiveDataProvider->__construct()
#7 /var/www/html/yii1/framework/web/actions/CInlineAction.php(49): ContentMain2Controller->actionIndex()
#8 /var/www/html/yii1/framework/web/CController.php(308): CInlineAction->runWithParams()
#9 /var/www/html/yii1/framework/web/filters/CFilterChain.php(133): ContentMain2Controller->runAction()
#10 /var/www/html/yii1/framework/web/filters/CFilter.php(40): CFilterChain->run()
#11 /var/www/html/yii1/framework/web/CController.php(1145): CAccessControlFilter->filter()
#12 /var/www/html/yii1/framework/web/filters/CInlineFilter.php(58): ContentMain2Controller->filterAccessControl()
#13 /var/www/html/yii1/framework/web/filters/CFilterChain.php(130): CInlineFilter->filter()
#14 /var/www/html/yii1/framework/web/CController.php(291): CFilterChain->run()
#15 /var/www/html/yii1/framework/web/CController.php(265): ContentMain2Controller->runActionWithFilters()
#16 /var/www/html/yii1/framework/web/CWebApplication.php(282): ContentMain2Controller->run()
#17 /var/www/html/yii1/framework/web/CWebApplication.php(141): CWebApplication->runController()
#18 /var/www/html/yii1/framework/base/CApplication.php(185): CWebApplication->processRequest()
#19 /var/www/html/cms/index.php(13): CWebApplication->run()
REQUEST_URI=/cms/index.php?r=contentMain2
in /var/www/html/cms/protected/models/ContentMain2.php (4)
in /var/www/html/cms/protected/controllers/ContentMain2Controller.php (125)
in /var/www/html/cms/index.php (13)
